<?xml version="1.0" encoding="UTF-8"?>
<!-- Generated by org.testng.reporters.JUnitReportReporter -->
<testsuite hostname="LAPTOP-0FGQSA9U" failures="0" tests="4" name="entire.EntireFlow" time="2.856" errors="0" timestamp="2024-08-23T18:28:30 OMST" skipped="0">
  <testcase classname="entire.EntireFlow" name="getListUsers" time="0.169"/>
  <testcase classname="entire.EntireFlow" name="getUser" time="0.126"/>
  <testcase classname="entire.EntireFlow" name="createUser" time="2.131"/>
  <testcase classname="entire.EntireFlow" name="updateUser" time="0.430"/>
</testsuite> <!-- entire.EntireFlow -->
